<?xml version="1.0" encoding="UTF-8"?>
<!-- Generated by org.testng.reporters.JUnitReportReporter -->
<testsuite hostname="LAPTOP-GMFDT67H" failures="0" tests="1" name="testCases.TC004_verify_cart_functionality" time="5.226" errors="0" timestamp="2025-07-23T20:23:36 IST" skipped="0">
  <testcase classname="testCases.TC004_verify_cart_functionality" name="checkout" time="5.226"/>
</testsuite> <!-- testCases.TC004_verify_cart_functionality -->
