<?xml version="1.0" encoding="UTF-8"?>
<!-- Generated by org.testng.reporters.JUnitReportReporter -->
<testsuite hostname="LAPTOP-GMFDT67H" failures="0" tests="1" name="testCases.TC002_login_invalid" time="0.948" errors="0" timestamp="2025-07-23T20:23:36 IST" skipped="0">
  <testcase classname="testCases.TC002_login_invalid" name="login" time="0.948"/>
</testsuite> <!-- testCases.TC002_login_invalid -->
