<?xml version="1.0" encoding="UTF-8"?>
<!-- Generated by org.testng.reporters.JUnitReportReporter -->
<testsuite hostname="LAPTOP-GMFDT67H" failures="0" tests="1" name="testCases.TC003_verify_sorting" time="6.694" errors="0" timestamp="2025-07-23T20:23:36 IST" skipped="0">
  <testcase classname="testCases.TC003_verify_sorting" name="reg_validation" time="6.694"/>
</testsuite> <!-- testCases.TC003_verify_sorting -->
